CAN Interface Initialized: vcan0
CAN Message Sent -> ID: 200 Data: 45,81
Received CAN Message -> ID: 200 Data: 45,81
[AI AGENT] Analyzing Battery Temperature...
[AI ANALYTICS] Average Battery Temperature: 45
[THERMAL ALERT] High Battery Temperature Detected!
[EVENT MANAGER] Published Event -> THERMAL_CRITICAL
[AI DECISION] Recommend OTA Safety Rollback
[OTA ALERT] Unsafe Conditions Detected!
[OTA ACTION] Rolling Back Firmware...
[OTA STATUS] Stable Firmware Restored
[PREDICTIVE ALERT] Vehicle Battery Risk Increasing!
[EVENT MANAGER] Published Event -> PREDICTIVE_BATTERY_RISK
Received CAN Message -> ID: 300 Data: 3351,60
[MOTOR AGENT] Analyzing Motor Telemetry...
[MOTOR STATUS] Motor Stable
[ORCHESTRATOR] Evaluating Full Vehicle Health...
[ORCHESTRATOR STATUS] Vehicle Stable
CAN Message Sent -> ID: 300 Data: 3351,60
CAN Message Sent -> ID: 200 Data: 45,89
Received CAN Message -> ID: 200 Data: 45,89
[AI AGENT] Analyzing Battery Temperature...
[AI ANALYTICS] Average Battery Temperature: 45
[THERMAL ALERT] High Battery Temperature Detected!
[EVENT MANAGER] Published Event -> THERMAL_CRITICAL
[AI DECISION] Recommend OTA Safety Rollback
[OTA ALERT] Unsafe Conditions Detected!
[OTA ACTION] Rolling Back Firmware...
[OTA STATUS] Stable Firmware Restored
[PREDICTIVE ALERT] Vehicle Battery Risk Increasing!
[EVENT MANAGER] Published Event -> PREDICTIVE_BATTERY_RISK
CAN Message Sent -> ID: 300 Data: 3249,64
Received CAN Message -> ID: 300 Data: 3249,64
[MOTOR AGENT] Analyzing Motor Telemetry...
[MOTOR STATUS] Motor Stable
[ORCHESTRATOR] Evaluating Full Vehicle Health...
[ORCHESTRATOR STATUS] Vehicle Stable
CAN Message Sent -> ID: 200 Data: 44,91
Received CAN Message -> ID: 200 Data: 44,91
[AI AGENT] Analyzing Battery Temperature...
[AI ANALYTICS] Average Battery Temperature: 44.6667
[THERMAL ALERT] High Battery Temperature Detected!
[EVENT MANAGER] Published Event -> THERMAL_CRITICAL
[AI DECISION] Recommend OTA Safety Rollback
[OTA ALERT] Unsafe Conditions Detected!
[OTA ACTION] Rolling Back Firmware...
[OTA STATUS] Stable Firmware Restored
[PREDICTIVE ALERT] Vehicle Battery Risk Increasing!
[EVENT MANAGER] Published Event -> PREDICTIVE_BATTERY_RISK
CAN Message Sent -> ID: 300 Data: 5212,52
Received CAN Message -> ID: 300 Data: 5212,52
[MOTOR AGENT] Analyzing Motor Telemetry...
[MOTOR STATUS] Motor Stable
[ORCHESTRATOR] Evaluating Full Vehicle Health...
[ORCHESTRATOR STATUS] Vehicle Stable
CAN Message Sent -> ID: 200 Data: 44,65
Received CAN Message -> ID: 200 Data: 44,65
[AI AGENT] Analyzing Battery Temperature...
[AI ANALYTICS] Average Battery Temperature: 44.5
[THERMAL ALERT] High Battery Temperature Detected!
[EVENT MANAGER] Published Event -> THERMAL_CRITICAL
[AI DECISION] Recommend OTA Safety Rollback
[OTA ALERT] Unsafe Conditions Detected!
[OTA ACTION] Rolling Back Firmware...
[OTA STATUS] Stable Firmware Restored
[PREDICTIVE ALERT] Vehicle Battery Risk Increasing!
[EVENT MANAGER] Published Event -> PREDICTIVE_BATTERY_RISK
CAN Message Sent -> ID: 200 Data: 44,69
Received CAN Message -> ID: 200 Data: 44,69
[AI AGENT] Analyzing Battery Temperature...
[AI ANALYTICS] Average Battery Temperature: 44.4
[THERMAL ALERT] High Battery Temperature Detected!
[EVENT MANAGER] Published Event -> THERMAL_CRITICAL
[AI DECISION] Recommend OTA Safety Rollback
[OTA ALERT] Unsafe Conditions Detected!
[OTA ACTION] Rolling Back Firmware...
[OTA STATUS] Stable Firmware Restored
[PREDICTIVE ALERT] Vehicle Battery Risk Increasing!
[EVENT MANAGER] Published Event -> PREDICTIVE_BATTERY_RISK
CAN Message Sent -> ID: 300 Data: 4902,77
Received CAN Message -> ID: 300 Data: 4902,77
[MOTOR AGENT] Analyzing Motor Telemetry...
[MOTOR ALERT] High Motor Temperature!
[ORCHESTRATOR] Evaluating Full Vehicle Health...
[ORCHESTRATOR STATUS] Vehicle Stable
Received CAN Message -> ID: 200 Data: 45,68
[AI AGENT] Analyzing Battery Temperature...
[AI ANALYTICS] Average Battery Temperature: 44.5
[THERMAL ALERT] High Battery Temperature Detected!
[EVENT MANAGER] Published Event -> THERMAL_CRITICAL
[AI DECISION] Recommend OTA Safety Rollback
[OTA ALERT] Unsafe Conditions Detected!
[OTA ACTION] Rolling Back Firmware...
[OTA STATUS] Stable Firmware Restored
[PREDICTIVE ALERT] Vehicle Battery Risk Increasing!
[EVENT MANAGER] Published Event -> PREDICTIVE_BATTERY_RISK
CAN Message Sent -> ID: 200 Data: 45,68
CAN Message Sent -> ID: 300 Data: 5811,50
Received CAN Message -> ID: 300 Data: 5811,50
[MOTOR AGENT] Analyzing Motor Telemetry...
[MOTOR STATUS] Motor Stable
[ORCHESTRATOR] Evaluating Full Vehicle Health...
[ORCHESTRATOR STATUS] Vehicle Stable
CAN Message Sent -> ID: 200 Data: 41,74
Received CAN Message -> ID: 200 Data: 41,74
[AI AGENT] Analyzing Battery Temperature...
[AI ANALYTICS] Average Battery Temperature: 44
[AI STATUS] Battery Operating Normally
[PREDICTIVE ALERT] Vehicle Battery Risk Increasing!
[EVENT MANAGER] Published Event -> PREDICTIVE_BATTERY_RISK
CAN Message Sent -> ID: 300 Data: 3829,54
Received CAN Message -> ID: 300 Data: 3829,54
[MOTOR AGENT] Analyzing Motor Telemetry...
[MOTOR STATUS] Motor Stable
[ORCHESTRATOR] Evaluating Full Vehicle Health...
[ORCHESTRATOR STATUS] Vehicle Stable
CAN Message Sent -> ID: 200 Data: 44,66
Received CAN Message -> ID: 200 Data: 44,66
[AI AGENT] Analyzing Battery Temperature...
[AI ANALYTICS] Average Battery Temperature: 44
[THERMAL ALERT] High Battery Temperature Detected!
[EVENT MANAGER] Published Event -> THERMAL_CRITICAL
[AI DECISION] Recommend OTA Safety Rollback
[OTA ALERT] Unsafe Conditions Detected!
[OTA ACTION] Rolling Back Firmware...
[OTA STATUS] Stable Firmware Restored
[PREDICTIVE ALERT] Vehicle Battery Risk Increasing!
[EVENT MANAGER] Published Event -> PREDICTIVE_BATTERY_RISK
CAN Message Sent -> ID: 300 Data: 2676,68
Received CAN Message -> ID: 300 Data: 2676,68
[MOTOR AGENT] Analyzing Motor Telemetry...
[MOTOR STATUS] Motor Stable
[ORCHESTRATOR] Evaluating Full Vehicle Health...
CAN Message Sent -> ID: 200 Data: 40,88
[ORCHESTRATOR STATUS] Vehicle Stable
Received CAN Message -> ID: 200 Data: 40,88
[AI AGENT] Analyzing Battery Temperature...
[AI ANALYTICS] Average Battery Temperature: 43.5556
[AI STATUS] Battery Operating Normally
[PREDICTIVE ALERT] Vehicle Battery Risk Increasing!
[EVENT MANAGER] Published Event -> PREDICTIVE_BATTERY_RISK
[OTA REQUEST] Update request received from dashboard
[OTA] Firmware package received for validation
[FIRMWARE PACKAGE] Loaded package for ECU: BMS Target Version: 1.2.0
[OTA VALIDATOR] Checking firmware-package safety rules...
[OTA VALIDATOR] Current Risk Score: 23/100
[OTA VALIDATOR] Firmware package rules satisfied
[OTA] Deploying firmware update...
[OTA] Current Version: 1.0.0
[OTA] Target Version: 1.2.0
[OTA STATUS] Firmware updated successfully to version 1.2.0
Received CAN Message -> ID: 200 Data: 49,65
[AI AGENT] Analyzing Battery Temperature...
[AI ANALYTICS] Average Battery Temperature: 44.1
[THERMAL ALERT] High Battery Temperature Detected!
[EVENT MANAGER] Published Event -> THERMAL_CRITICAL
[AI DECISION] Recommend OTA Safety Rollback
[OTA ALERT] Unsafe Conditions Detected!
[OTA ACTION] Rolling Back Firmware...
[OTA STATUS] Stable Firmware Restored
[PREDICTIVE ALERT] Vehicle Battery Risk Increasing!
[EVENT MANAGER] Published Event -> PREDICTIVE_BATTERY_RISK
CAN Message Sent -> ID: 200 Data: 49,65
CAN Message Sent -> ID: 300 Data: 2433,71
Received CAN Message -> ID: 300 Data: 2433,71
[MOTOR AGENT] Analyzing Motor Telemetry...
[MOTOR ALERT] High Motor Temperature!
[ORCHESTRATOR] Evaluating Full Vehicle Health...
[ORCHESTRATOR STATUS] Vehicle Stable
Received CAN Message -> ID: 200 Data: 44,93
[AI AGENT] Analyzing Battery Temperature...
[AI ANALYTICS] Average Battery Temperature: 44.0909
[THERMAL ALERT] High Battery Temperature Detected!
[EVENT MANAGER] Published Event -> THERMAL_CRITICAL
[AI DECISION] Recommend OTA Safety Rollback
[OTA ALERT] Unsafe Conditions Detected!
[OTA ACTION] Rolling Back Firmware...
[OTA STATUS] Stable Firmware Restored
[PREDICTIVE ALERT] Vehicle Battery Risk Increasing!
[EVENT MANAGER] Published Event -> PREDICTIVE_BATTERY_RISK
CAN Message Sent -> ID: 200 Data: 44,93
CAN Message Sent -> ID: 300 Data: 3951,63
Received CAN Message -> ID: 300 Data: 3951,63
[MOTOR AGENT] Analyzing Motor Telemetry...
[MOTOR STATUS] Motor Stable
[ORCHESTRATOR] Evaluating Full Vehicle Health...
[ORCHESTRATOR STATUS] Vehicle Stable
CAN Message Sent -> ID: 200 Data: 47,98
Received CAN Message -> ID: 200 Data: 47,98
[AI AGENT] Analyzing Battery Temperature...
[AI ANALYTICS] Average Battery Temperature: 44.3333
[THERMAL ALERT] High Battery Temperature Detected!
[EVENT MANAGER] Published Event -> THERMAL_CRITICAL
[AI DECISION] Recommend OTA Safety Rollback
[OTA ALERT] Unsafe Conditions Detected!
[OTA ACTION] Rolling Back Firmware...
[OTA STATUS] Stable Firmware Restored
[PREDICTIVE ALERT] Vehicle Battery Risk Increasing!
[EVENT MANAGER] Published Event -> PREDICTIVE_BATTERY_RISK
CAN Message Sent -> ID: 300 Data: 5643,51
Received CAN Message -> ID: 300 Data: 5643,51
[MOTOR AGENT] Analyzing Motor Telemetry...
[MOTOR STATUS] Motor Stable
[ORCHESTRATOR] Evaluating Full Vehicle Health...
CAN Message Sent -> ID: 200 Data: 44,68
[ORCHESTRATOR STATUS] Vehicle Stable
Received CAN Message -> ID: 200 Data: 44,68
[AI AGENT] Analyzing Battery Temperature...
[AI ANALYTICS] Average Battery Temperature: 44.3077
[THERMAL ALERT] High Battery Temperature Detected!
[EVENT MANAGER] Published Event -> THERMAL_CRITICAL
[AI DECISION] Recommend OTA Safety Rollback
[OTA ALERT] Unsafe Conditions Detected!
[OTA ACTION] Rolling Back Firmware...
[OTA STATUS] Stable Firmware Restored
[PREDICTIVE ALERT] Vehicle Battery Risk Increasing!
[EVENT MANAGER] Published Event -> PREDICTIVE_BATTERY_RISK
CAN Message Sent -> ID: 200 Data: 44,79
Received CAN Message -> ID: 200 Data: 44,79
[AI AGENT] Analyzing Battery Temperature...
[AI ANALYTICS] Average Battery Temperature: 44.2857
[THERMAL ALERT] High Battery Temperature Detected!
[EVENT MANAGER] Published Event -> THERMAL_CRITICAL
[AI DECISION] Recommend OTA Safety Rollback
[OTA ALERT] Unsafe Conditions Detected!
[OTA ACTION] Rolling Back Firmware...
[OTA STATUS] Stable Firmware Restored
[PREDICTIVE ALERT] Vehicle Battery Risk Increasing!
[EVENT MANAGER] Published Event -> PREDICTIVE_BATTERY_RISK
Received CAN Message -> ID: 300 Data: 4452,56
[MOTOR AGENT] Analyzing Motor Telemetry...
[MOTOR STATUS] Motor Stable
[ORCHESTRATOR] Evaluating Full Vehicle Health...
CAN Message Sent -> ID: 300 Data: 4452,56
[ORCHESTRATOR STATUS] Vehicle Stable
Received CAN Message -> ID: 200 Data: 42,72
[AI AGENT] Analyzing Battery Temperature...
[AI ANALYTICS] Average Battery Temperature: 44.1333
[AI STATUS] Battery Operating Normally
[PREDICTIVE ALERT] Vehicle Battery Risk Increasing!
[EVENT MANAGER] Published Event -> PREDICTIVE_BATTERY_RISK
CAN Message Sent -> ID: 200 Data: 42,72
CAN Message Sent -> ID: 300 Data: 5330,67
Received CAN Message -> ID: 300 Data: 5330,67
[MOTOR AGENT] Analyzing Motor Telemetry...
[MOTOR STATUS] Motor Stable
[ORCHESTRATOR] Evaluating Full Vehicle Health...
[ORCHESTRATOR STATUS] Vehicle Stable
CAN Message Sent -> ID: 200 Data: 43,98
Received CAN Message -> ID: 200 Data: 43,98
[AI AGENT] Analyzing Battery Temperature...
[AI ANALYTICS] Average Battery Temperature: 44.0625
[THERMAL ALERT] High Battery Temperature Detected!
[EVENT MANAGER] Published Event -> THERMAL_CRITICAL
[AI DECISION] Recommend OTA Safety Rollback
[OTA ALERT] Unsafe Conditions Detected!
[OTA ACTION] Rolling Back Firmware...
[OTA STATUS] Stable Firmware Restored
[PREDICTIVE ALERT] Vehicle Battery Risk Increasing!
[EVENT MANAGER] Published Event -> PREDICTIVE_BATTERY_RISK
Received CAN Message -> ID: 200 Data: 49,66
[AI AGENT] Analyzing Battery Temperature...
[AI ANALYTICS] Average Battery Temperature: CAN Message Sent -> ID: 200 Data: 49,66
44.3529
[THERMAL ALERT] High Battery Temperature Detected!
[EVENT MANAGER] Published Event -> THERMAL_CRITICAL
[AI DECISION] Recommend OTA Safety Rollback
[OTA ALERT] Unsafe Conditions Detected!
[OTA ACTION] Rolling Back Firmware...
[OTA STATUS] Stable Firmware Restored
[PREDICTIVE ALERT] Vehicle Battery Risk Increasing!
[EVENT MANAGER] Published Event -> PREDICTIVE_BATTERY_RISK
CAN Message Sent -> ID: 300 Data: 3401,54
Received CAN Message -> ID: 300 Data: 3401,54
[MOTOR AGENT] Analyzing Motor Telemetry...
[MOTOR STATUS] Motor Stable
[ORCHESTRATOR] Evaluating Full Vehicle Health...
[ORCHESTRATOR STATUS] Vehicle Stable
CAN Message Sent -> ID: 200 Data: 45,68
Received CAN Message -> ID: 200 Data: 45,68
[AI AGENT] Analyzing Battery Temperature...
[AI ANALYTICS] Average Battery Temperature: 44.3889
[THERMAL ALERT] High Battery Temperature Detected!
[EVENT MANAGER] Published Event -> THERMAL_CRITICAL
[AI DECISION] Recommend OTA Safety Rollback
[OTA ALERT] Unsafe Conditions Detected!
[OTA ACTION] Rolling Back Firmware...
[OTA STATUS] Stable Firmware Restored
[PREDICTIVE ALERT] Vehicle Battery Risk Increasing!
[EVENT MANAGER] Published Event -> PREDICTIVE_BATTERY_RISK
CAN Message Sent -> ID: 300 Data: 3684,64
Received CAN Message -> ID: 300 Data: 3684,64
[MOTOR AGENT] Analyzing Motor Telemetry...
[MOTOR STATUS] Motor Stable
[ORCHESTRATOR] Evaluating Full Vehicle Health...
[ORCHESTRATOR STATUS] Vehicle Stable
Received CAN Message -> ID: 200 Data: 40,64
[AI AGENT] Analyzing Battery Temperature...
[AI ANALYTICS] Average Battery Temperature: 44.1579
[AI STATUS] Battery Operating Normally
[PREDICTIVE ALERT] Vehicle Battery Risk Increasing!
CAN Message Sent -> ID: 200 Data: 40,64
[EVENT MANAGER] Published Event -> PREDICTIVE_BATTERY_RISK
CAN Message Sent -> ID: 300 Data: 4738,71
Received CAN Message -> ID: 300 Data: 4738,71
[MOTOR AGENT] Analyzing Motor Telemetry...
[MOTOR ALERT] High Motor Temperature!
[ORCHESTRATOR] Evaluating Full Vehicle Health...
[ORCHESTRATOR STATUS] Vehicle Stable
Received CAN Message -> ID: 200 Data: 49,71
[AI AGENT] Analyzing Battery Temperature...
[AI ANALYTICS] Average Battery Temperature: 44.4
[THERMAL ALERT] High Battery Temperature Detected!
[EVENT MANAGER] Published Event -> THERMAL_CRITICAL
[AI DECISION] Recommend OTA Safety Rollback
[OTA ALERT] Unsafe Conditions Detected!
[OTA ACTION] Rolling Back Firmware...
[OTA STATUS] Stable Firmware Restored
[PREDICTIVE ALERT] Vehicle Battery Risk Increasing!
CAN Message Sent -> ID: 200 Data: 49,71
[EVENT MANAGER] Published Event -> PREDICTIVE_BATTERY_RISK
CAN Message Sent -> ID: 300 Data: 3525,76
Received CAN Message -> ID: 300 Data: 3525,76
[MOTOR AGENT] Analyzing Motor Telemetry...
[MOTOR ALERT] High Motor Temperature!
[ORCHESTRATOR] Evaluating Full Vehicle Health...
CAN Message Sent -> ID: 200 Data: 47,76
[ORCHESTRATOR STATUS] Vehicle Stable
Received CAN Message -> ID: 200 Data: 47,76
[AI AGENT] Analyzing Battery Temperature...
[AI ANALYTICS] Average Battery Temperature: 44.5238
[THERMAL ALERT] High Battery Temperature Detected!
[EVENT MANAGER] Published Event -> THERMAL_CRITICAL
[AI DECISION] Recommend OTA Safety Rollback
[OTA ALERT] Unsafe Conditions Detected!
[OTA ACTION] Rolling Back Firmware...
[OTA STATUS] Stable Firmware Restored
[PREDICTIVE ALERT] Vehicle Battery Risk Increasing!
[EVENT MANAGER] Published Event -> PREDICTIVE_BATTERY_RISK
CAN Message Sent -> ID: 200 Data: 47,94
Received CAN Message -> ID: 200 Data: 47,94
[AI AGENT] Analyzing Battery Temperature...
[AI ANALYTICS] Average Battery Temperature: 44.6364
[THERMAL ALERT] High Battery Temperature Detected!
[EVENT MANAGER] Published Event -> THERMAL_CRITICAL
[AI DECISION] Recommend OTA Safety Rollback
[OTA ALERT] Unsafe Conditions Detected!
[OTA ACTION] Rolling Back Firmware...
[OTA STATUS] Stable Firmware Restored
[PREDICTIVE ALERT] Vehicle Battery Risk Increasing!
[EVENT MANAGER] Published Event -> PREDICTIVE_BATTERY_RISK
CAN Message Sent -> ID: 300 Data: 4154,65
Received CAN Message -> ID: 300 Data: 4154,65
[MOTOR AGENT] Analyzing Motor Telemetry...
[MOTOR STATUS] Motor Stable
[ORCHESTRATOR] Evaluating Full Vehicle Health...
[ORCHESTRATOR STATUS] Vehicle Stable
CAN Message Sent -> ID: 200 Data: 47,74
Received CAN Message -> ID: 200 Data: 47,74
[AI AGENT] Analyzing Battery Temperature...
[AI ANALYTICS] Average Battery Temperature: 44.7391
[THERMAL ALERT] High Battery Temperature Detected!
[EVENT MANAGER] Published Event -> THERMAL_CRITICAL
[AI DECISION] Recommend OTA Safety Rollback
[OTA ALERT] Unsafe Conditions Detected!
[OTA ACTION] Rolling Back Firmware...
[OTA STATUS] Stable Firmware Restored
[PREDICTIVE ALERT] Vehicle Battery Risk Increasing!
[EVENT MANAGER] Published Event -> PREDICTIVE_BATTERY_RISK
Received CAN Message -> ID: 300 Data: 4516,54
[MOTOR AGENT] Analyzing Motor Telemetry...
[MOTOR STATUS] Motor Stable
[ORCHESTRATOR] Evaluating Full Vehicle Health...
CAN Message Sent -> ID: 300 Data: 4516,54
[ORCHESTRATOR STATUS] Vehicle Stable
Received CAN Message -> ID: 200 Data: 49,61
[AI AGENT] Analyzing Battery Temperature...
[AI ANALYTICS] Average Battery Temperature: 44.9167
[THERMAL ALERT] High Battery Temperature Detected!
[EVENT MANAGER] Published Event -> THERMAL_CRITICAL
[AI DECISION] Recommend OTA Safety Rollback
[OTA ALERT] Unsafe Conditions Detected!
[OTA ACTION] Rolling Back Firmware...
[OTA STATUS] Stable Firmware Restored
[PREDICTIVE ALERT] Vehicle Battery Risk Increasing!
[EVENT MANAGER] Published Event -> PREDICTIVE_BATTERY_RISK
CAN Message Sent -> ID: 200 Data: 49,61
CAN Message Sent -> ID: 300 Data: 5816,51
Received CAN Message -> ID: 300 Data: 5816,51
[MOTOR AGENT] Analyzing Motor Telemetry...
[MOTOR STATUS] Motor Stable
[ORCHESTRATOR] Evaluating Full Vehicle Health...
[ORCHESTRATOR STATUS] Vehicle Stable
CAN Message Sent -> ID: 200 Data: 44,89
Received CAN Message -> ID: 200 Data: 44,89
[AI AGENT] Analyzing Battery Temperature...
[AI ANALYTICS] Average Battery Temperature: 44.88
[THERMAL ALERT] High Battery Temperature Detected!
[EVENT MANAGER] Published Event -> THERMAL_CRITICAL
[AI DECISION] Recommend OTA Safety Rollback
[OTA ALERT] Unsafe Conditions Detected!
[OTA ACTION] Rolling Back Firmware...
[OTA STATUS] Stable Firmware Restored
[PREDICTIVE ALERT] Vehicle Battery Risk Increasing!
[EVENT MANAGER] Published Event -> PREDICTIVE_BATTERY_RISK
Received CAN Message -> ID: 200 Data: 45,61
[AI AGENT] Analyzing Battery Temperature...
[AI ANALYTICS] Average Battery Temperature: 44.8846
[THERMAL ALERT] High Battery Temperature Detected!
[EVENT MANAGER] Published Event -> THERMAL_CRITICAL
[AI DECISION] Recommend OTA Safety Rollback
[OTA ALERT] Unsafe Conditions Detected!
[OTA ACTION] Rolling Back Firmware...
[OTA STATUS] Stable Firmware Restored
[PREDICTIVE ALERT] Vehicle Battery Risk Increasing!
[EVENT MANAGER] Published Event -> PREDICTIVE_BATTERY_RISK
CAN Message Sent -> ID: 200 Data: 45,61
CAN Message Sent -> ID: 300 Data: 2842,58
Received CAN Message -> ID: 300 Data: 2842,58
[MOTOR AGENT] Analyzing Motor Telemetry...
[MOTOR STATUS] Motor Stable
[ORCHESTRATOR] Evaluating Full Vehicle Health...
[ORCHESTRATOR STATUS] Vehicle Stable
CAN Message Sent -> ID: 200 Data: 40,75
Received CAN Message -> ID: 200 Data: 40,75
[AI AGENT] Analyzing Battery Temperature...
[AI ANALYTICS] Average Battery Temperature: 44.7037
[AI STATUS] Battery Operating Normally
[PREDICTIVE ALERT] Vehicle Battery Risk Increasing!
[EVENT MANAGER] Published Event -> PREDICTIVE_BATTERY_RISK
CAN Message Sent -> ID: 300 Data: 5555,52
Received CAN Message -> ID: 300 Data: 5555,52
[MOTOR AGENT] Analyzing Motor Telemetry...
[MOTOR STATUS] Motor Stable
[ORCHESTRATOR] Evaluating Full Vehicle Health...
[ORCHESTRATOR STATUS] Vehicle Stable
CAN Message Sent -> ID: 200 Data: 42,89
Received CAN Message -> ID: 200 Data: 42,89
[AI AGENT] Analyzing Battery Temperature...
[AI ANALYTICS] Average Battery Temperature: 44.6071
[AI STATUS] Battery Operating Normally
[PREDICTIVE ALERT] Vehicle Battery Risk Increasing!
[EVENT MANAGER] Published Event -> PREDICTIVE_BATTERY_RISK
CAN Message Sent -> ID: 300 Data: 2549,67
Received CAN Message -> ID: 300 Data: 2549,67
[MOTOR AGENT] Analyzing Motor Telemetry...
[MOTOR STATUS] Motor Stable
[ORCHESTRATOR] Evaluating Full Vehicle Health...
[ORCHESTRATOR STATUS] Vehicle Stable
CAN Message Sent -> ID: 200 Data: 46,72
Received CAN Message -> ID: 200 Data: 46,72
[AI AGENT] Analyzing Battery Temperature...
[AI ANALYTICS] Average Battery Temperature: 44.6552
[THERMAL ALERT] High Battery Temperature Detected!
[EVENT MANAGER] Published Event -> THERMAL_CRITICAL
[AI DECISION] Recommend OTA Safety Rollback
[OTA ALERT] Unsafe Conditions Detected!
[OTA ACTION] Rolling Back Firmware...
[OTA STATUS] Stable Firmware Restored
[PREDICTIVE ALERT] Vehicle Battery Risk Increasing!
[EVENT MANAGER] Published Event -> PREDICTIVE_BATTERY_RISK
CAN Message Sent -> ID: 200 Data: 44,93
Received CAN Message -> ID: 200 Data: 44,93
[AI AGENT] Analyzing Battery Temperature...
[AI ANALYTICS] Average Battery Temperature: 44.6333
[THERMAL ALERT] High Battery Temperature Detected!
[EVENT MANAGER] Published Event -> THERMAL_CRITICAL
[AI DECISION] Recommend OTA Safety Rollback
[OTA ALERT] Unsafe Conditions Detected!
[OTA ACTION] Rolling Back Firmware...
[OTA STATUS] Stable Firmware Restored
[PREDICTIVE ALERT] Vehicle Battery Risk Increasing!
[EVENT MANAGER] Published Event -> PREDICTIVE_BATTERY_RISK
CAN Message Sent -> ID: 300 Data: 2868,51
Received CAN Message -> ID: 300 Data: 2868,51
[MOTOR AGENT] Analyzing Motor Telemetry...
[MOTOR STATUS] Motor Stable
[ORCHESTRATOR] Evaluating Full Vehicle Health...
[ORCHESTRATOR STATUS] Vehicle Stable
Received CAN Message -> ID: 200 Data: 49,64
[AI AGENT] Analyzing Battery Temperature...
[AI ANALYTICS] Average Battery Temperature: 44.7742
[THERMAL ALERT] High Battery Temperature Detected!
CAN Message Sent -> ID: 200 Data: 49,64
[EVENT MANAGER] Published Event -> THERMAL_CRITICAL
[AI DECISION] Recommend OTA Safety Rollback
[OTA ALERT] Unsafe Conditions Detected!
[OTA ACTION] Rolling Back Firmware...
[OTA STATUS] Stable Firmware Restored
[PREDICTIVE ALERT] Vehicle Battery Risk Increasing!
[EVENT MANAGER] Published Event -> PREDICTIVE_BATTERY_RISK
CAN Message Sent -> ID: 300 Data: 3504,73
Received CAN Message -> ID: 300 Data: 3504,73
[MOTOR AGENT] Analyzing Motor Telemetry...
[MOTOR ALERT] High Motor Temperature!
[ORCHESTRATOR] Evaluating Full Vehicle Health...
[ORCHESTRATOR STATUS] Vehicle Stable
CAN Message Sent -> ID: 200 Data: 42,68
Received CAN Message -> ID: 200 Data: 42,68
[AI AGENT] Analyzing Battery Temperature...
[AI ANALYTICS] Average Battery Temperature: 44.6875
[AI STATUS] Battery Operating Normally
[PREDICTIVE ALERT] Vehicle Battery Risk Increasing!
[EVENT MANAGER] Published Event -> PREDICTIVE_BATTERY_RISK
CAN Message Sent -> ID: 300 Data: 4953,67
Received CAN Message -> ID: 300 Data: 4953,67
[MOTOR AGENT] Analyzing Motor Telemetry...
[MOTOR STATUS] Motor Stable
[ORCHESTRATOR] Evaluating Full Vehicle Health...
[ORCHESTRATOR STATUS] Vehicle Stable
CAN Message Sent -> ID: 200 Data: 40,69
Received CAN Message -> ID: 200 Data: 40,69
[AI AGENT] Analyzing Battery Temperature...
[AI ANALYTICS] Average Battery Temperature: 44.5455
[AI STATUS] Battery Operating Normally
[PREDICTIVE ALERT] Vehicle Battery Risk Increasing!
[EVENT MANAGER] Published Event -> PREDICTIVE_BATTERY_RISK
CAN Message Sent -> ID: 200 Data: 47,85
Received CAN Message -> ID: 200 Data: 47,85
[AI AGENT] Analyzing Battery Temperature...
[AI ANALYTICS] Average Battery Temperature: 44.6176
[THERMAL ALERT] High Battery Temperature Detected!
[EVENT MANAGER] Published Event -> THERMAL_CRITICAL
[AI DECISION] Recommend OTA Safety Rollback
[OTA ALERT] Unsafe Conditions Detected!
[OTA ACTION] Rolling Back Firmware...
[OTA STATUS] Stable Firmware Restored
[PREDICTIVE ALERT] Vehicle Battery Risk Increasing!
[EVENT MANAGER] Published Event -> PREDICTIVE_BATTERY_RISK
CAN Message Sent -> ID: 300 Data: 2771,71
Received CAN Message -> ID: 300 Data: 2771,71
[MOTOR AGENT] Analyzing Motor Telemetry...
[MOTOR ALERT] High Motor Temperature!
[ORCHESTRATOR] Evaluating Full Vehicle Health...
[ORCHESTRATOR STATUS] Vehicle Stable
CAN Message Sent -> ID: 200 Data: 47,87
Received CAN Message -> ID: 200 Data: 47,87
[AI AGENT] Analyzing Battery Temperature...
[AI ANALYTICS] Average Battery Temperature: 44.6857
[THERMAL ALERT] High Battery Temperature Detected!
[EVENT MANAGER] Published Event -> THERMAL_CRITICAL
[AI DECISION] Recommend OTA Safety Rollback
[OTA ALERT] Unsafe Conditions Detected!
[OTA ACTION] Rolling Back Firmware...
[OTA STATUS] Stable Firmware Restored
[PREDICTIVE ALERT] Vehicle Battery Risk Increasing!
[EVENT MANAGER] Published Event -> PREDICTIVE_BATTERY_RISK
CAN Message Sent -> ID: 300 Data: 4501,50
Received CAN Message -> ID: 300 Data: 4501,50
[MOTOR AGENT] Analyzing Motor Telemetry...
[MOTOR STATUS] Motor Stable
[ORCHESTRATOR] Evaluating Full Vehicle Health...
[ORCHESTRATOR STATUS] Vehicle Stable
CAN Message Sent -> ID: 200 Data: 40,75
Received CAN Message -> ID: 200 Data: 40,75
[AI AGENT] Analyzing Battery Temperature...
[AI ANALYTICS] Average Battery Temperature: 44.5556
[AI STATUS] Battery Operating Normally
[PREDICTIVE ALERT] Vehicle Battery Risk Increasing!
[EVENT MANAGER] Published Event -> PREDICTIVE_BATTERY_RISK
Received CAN Message -> ID: 300 Data: 4770,60
CAN Message Sent -> ID: 300 Data: 4770,60
[MOTOR AGENT] Analyzing Motor Telemetry...
[MOTOR STATUS] Motor Stable
[ORCHESTRATOR] Evaluating Full Vehicle Health...
[ORCHESTRATOR STATUS] Vehicle Stable
CAN Message Sent -> ID: 200 Data: 41,63
Received CAN Message -> ID: 200 Data: 41,63
[AI AGENT] Analyzing Battery Temperature...
[AI ANALYTICS] Average Battery Temperature: 44.4595
[AI STATUS] Battery Operating Normally
[PREDICTIVE ALERT] Vehicle Battery Risk Increasing!
[EVENT MANAGER] Published Event -> PREDICTIVE_BATTERY_RISK
CAN Message Sent -> ID: 200 Data: 49,65
Received CAN Message -> ID: 200 Data: 49,65
[AI AGENT] Analyzing Battery Temperature...
[AI ANALYTICS] Average Battery Temperature: 44.5789
[THERMAL ALERT] High Battery Temperature Detected!
[EVENT MANAGER] Published Event -> THERMAL_CRITICAL
[AI DECISION] Recommend OTA Safety Rollback
[OTA ALERT] Unsafe Conditions Detected!
[OTA ACTION] Rolling Back Firmware...
[OTA STATUS] Stable Firmware Restored
[PREDICTIVE ALERT] Vehicle Battery Risk Increasing!
[EVENT MANAGER] Published Event -> PREDICTIVE_BATTERY_RISK
CAN Message Sent -> ID: 300 Data: 2306,60
Received CAN Message -> ID: 300 Data: 2306,60
[MOTOR AGENT] Analyzing Motor Telemetry...
[MOTOR STATUS] Motor Stable
[ORCHESTRATOR] Evaluating Full Vehicle Health...
[ORCHESTRATOR STATUS] Vehicle Stable
CAN Message Sent -> ID: 200 Data: 49,87
Received CAN Message -> ID: 200 Data: 49,87
[AI AGENT] Analyzing Battery Temperature...
[AI ANALYTICS] Average Battery Temperature: 44.6923
[THERMAL ALERT] High Battery Temperature Detected!
[EVENT MANAGER] Published Event -> THERMAL_CRITICAL
[AI DECISION] Recommend OTA Safety Rollback
[OTA ALERT] Unsafe Conditions Detected!
[OTA ACTION] Rolling Back Firmware...
[OTA STATUS] Stable Firmware Restored
[PREDICTIVE ALERT] Vehicle Battery Risk Increasing!
[EVENT MANAGER] Published Event -> PREDICTIVE_BATTERY_RISK
CAN Message Sent -> ID: 300 Data: 2049,54
Received CAN Message -> ID: 300 Data: 2049,54
[MOTOR AGENT] Analyzing Motor Telemetry...
[MOTOR STATUS] Motor Stable
[ORCHESTRATOR] Evaluating Full Vehicle Health...
[ORCHESTRATOR STATUS] Vehicle Stable
CAN Message Sent -> ID: 200 Data: 42,89
Received CAN Message -> ID: 200 Data: 42,89
[AI AGENT] Analyzing Battery Temperature...
[AI ANALYTICS] Average Battery Temperature: 44.625
[AI STATUS] Battery Operating Normally
[PREDICTIVE ALERT] Vehicle Battery Risk Increasing!
[EVENT MANAGER] Published Event -> PREDICTIVE_BATTERY_RISK
Received CAN Message -> ID: 300 Data: 4145,65
[MOTOR AGENT] Analyzing Motor Telemetry...
[MOTOR STATUS] Motor Stable
[ORCHESTRATOR] Evaluating Full Vehicle Health...
CAN Message Sent -> ID: 300 Data: 4145,65
[ORCHESTRATOR STATUS] Vehicle Stable
Received CAN Message -> ID: 200 Data: 47,73
[AI AGENT] Analyzing Battery Temperature...
[AI ANALYTICS] Average Battery Temperature: 44.6829
[THERMAL ALERT] High Battery Temperature Detected!
CAN Message Sent -> ID: 200 Data: 47,73
[EVENT MANAGER] Published Event -> THERMAL_CRITICAL
[AI DECISION] Recommend OTA Safety Rollback
[OTA ALERT] Unsafe Conditions Detected!
[OTA ACTION] Rolling Back Firmware...
[OTA STATUS] Stable Firmware Restored
[PREDICTIVE ALERT] Vehicle Battery Risk Increasing!
[EVENT MANAGER] Published Event -> PREDICTIVE_BATTERY_RISK
CAN Message Sent -> ID: 200 Data: 43,97
Received CAN Message -> ID: 200 Data: 43,97
[AI AGENT] Analyzing Battery Temperature...
[AI ANALYTICS] Average Battery Temperature: 44.6429
[THERMAL ALERT] High Battery Temperature Detected!
[EVENT MANAGER] Published Event -> THERMAL_CRITICAL
[AI DECISION] Recommend OTA Safety Rollback
[OTA ALERT] Unsafe Conditions Detected!
[OTA ACTION] Rolling Back Firmware...
[OTA STATUS] Stable Firmware Restored
[PREDICTIVE ALERT] Vehicle Battery Risk Increasing!
[EVENT MANAGER] Published Event -> PREDICTIVE_BATTERY_RISK
CAN Message Sent -> ID: 300 Data: 5187,65
Received CAN Message -> ID: 300 Data: 5187,65
[MOTOR AGENT] Analyzing Motor Telemetry...
[MOTOR STATUS] Motor Stable
[ORCHESTRATOR] Evaluating Full Vehicle Health...
[ORCHESTRATOR STATUS] Vehicle Stable
CAN Message Sent -> ID: 200 Data: 43,86
Received CAN Message -> ID: 200 Data: 43,86
[AI AGENT] Analyzing Battery Temperature...
[AI ANALYTICS] Average Battery Temperature: 44.6047
[THERMAL ALERT] High Battery Temperature Detected!
[EVENT MANAGER] Published Event -> THERMAL_CRITICAL
[AI DECISION] Recommend OTA Safety Rollback
[OTA ALERT] Unsafe Conditions Detected!
[OTA ACTION] Rolling Back Firmware...
[OTA STATUS] Stable Firmware Restored
[PREDICTIVE ALERT] Vehicle Battery Risk Increasing!
[EVENT MANAGER] Published Event -> PREDICTIVE_BATTERY_RISK
CAN Message Sent -> ID: 300 Data: 3035,61
Received CAN Message -> ID: 300 Data: 3035,61
[MOTOR AGENT] Analyzing Motor Telemetry...
[MOTOR STATUS] Motor Stable
[ORCHESTRATOR] Evaluating Full Vehicle Health...
[ORCHESTRATOR STATUS] Vehicle Stable
CAN Message Sent -> ID: 200 Data: 45,67
Received CAN Message -> ID: 200 Data: 45,67
[AI AGENT] Analyzing Battery Temperature...
[AI ANALYTICS] Average Battery Temperature: 44.6136
[THERMAL ALERT] High Battery Temperature Detected!
[EVENT MANAGER] Published Event -> THERMAL_CRITICAL
[AI DECISION] Recommend OTA Safety Rollback
[OTA ALERT] Unsafe Conditions Detected!
[OTA ACTION] Rolling Back Firmware...
[OTA STATUS] Stable Firmware Restored
[PREDICTIVE ALERT] Vehicle Battery Risk Increasing!
[EVENT MANAGER] Published Event -> PREDICTIVE_BATTERY_RISK
CAN Message Sent -> ID: 300 Data: 2768,54
Received CAN Message -> ID: 300 Data: 2768,54
[MOTOR AGENT] Analyzing Motor Telemetry...
[MOTOR STATUS] Motor Stable
[ORCHESTRATOR] Evaluating Full Vehicle Health...
[ORCHESTRATOR STATUS] Vehicle Stable
CAN Message Sent -> ID: 200 Data: 47,80
Received CAN Message -> ID: 200 Data: 47,80
[AI AGENT] Analyzing Battery Temperature...
[AI ANALYTICS] Average Battery Temperature: 44.6667
[THERMAL ALERT] High Battery Temperature Detected!
[EVENT MANAGER] Published Event -> THERMAL_CRITICAL
[AI DECISION] Recommend OTA Safety Rollback
[OTA ALERT] Unsafe Conditions Detected!
[OTA ACTION] Rolling Back Firmware...
[OTA STATUS] Stable Firmware Restored
[PREDICTIVE ALERT] Vehicle Battery Risk Increasing!
[EVENT MANAGER] Published Event -> PREDICTIVE_BATTERY_RISK
CAN Message Sent -> ID: 200 Data: 40,68
Received CAN Message -> ID: 200 Data: 40,68
[AI AGENT] Analyzing Battery Temperature...
[AI ANALYTICS] Average Battery Temperature: 44.5652
[AI STATUS] Battery Operating Normally
[PREDICTIVE ALERT] Vehicle Battery Risk Increasing!
[EVENT MANAGER] Published Event -> PREDICTIVE_BATTERY_RISK
Received CAN Message -> ID: 300 Data: 5996,67
[MOTOR AGENT] Analyzing Motor Telemetry...
[MOTOR STATUS] Motor Stable
[ORCHESTRATOR] Evaluating Full Vehicle Health...
[ORCHESTRATOR STATUS] Vehicle Stable
CAN Message Sent -> ID: 300 Data: 5996,67
CAN Message Sent -> ID: 200 Data: 45,95
Received CAN Message -> ID: 200 Data: 45,95
[AI AGENT] Analyzing Battery Temperature...
[AI ANALYTICS] Average Battery Temperature: 44.5745
[THERMAL ALERT] High Battery Temperature Detected!
[EVENT MANAGER] Published Event -> THERMAL_CRITICAL
[AI DECISION] Recommend OTA Safety Rollback
[OTA ALERT] Unsafe Conditions Detected!
[OTA ACTION] Rolling Back Firmware...
[OTA STATUS] Stable Firmware Restored
[PREDICTIVE ALERT] Vehicle Battery Risk Increasing!
[EVENT MANAGER] Published Event -> PREDICTIVE_BATTERY_RISK
CAN Message Sent -> ID: 300 Data: 3288,58
Received CAN Message -> ID: 300 Data: 3288,58
[MOTOR AGENT] Analyzing Motor Telemetry...
[MOTOR STATUS] Motor Stable
[ORCHESTRATOR] Evaluating Full Vehicle Health...
[ORCHESTRATOR STATUS] Vehicle Stable
CAN Message Sent -> ID: 200 Data: 41,66
Received CAN Message -> ID: 200 Data: 41,66
[AI AGENT] Analyzing Battery Temperature...
[AI ANALYTICS] Average Battery Temperature: 44.5
[AI STATUS] Battery Operating Normally
[PREDICTIVE ALERT] Vehicle Battery Risk Increasing!
[EVENT MANAGER] Published Event -> PREDICTIVE_BATTERY_RISK
CAN Message Sent -> ID: 300 Data: 4169,62
Received CAN Message -> ID: 300 Data: 4169,62
[MOTOR AGENT] Analyzing Motor Telemetry...
[MOTOR STATUS] Motor Stable
[ORCHESTRATOR] Evaluating Full Vehicle Health...
[ORCHESTRATOR STATUS] Vehicle Stable
Received CAN Message -> ID: 200 Data: 47,92
[AI AGENT] Analyzing Battery Temperature...
[AI ANALYTICS] Average Battery Temperature: 44.551
[THERMAL ALERT] High Battery Temperature Detected!
[EVENT MANAGER] Published Event -> THERMAL_CRITICAL
[AI DECISION] Recommend OTA Safety Rollback
[OTA ALERT] Unsafe Conditions Detected!
[OTA ACTION] Rolling Back Firmware...
[OTA STATUS] Stable Firmware Restored
[PREDICTIVE ALERT] Vehicle Battery Risk Increasing!
CAN Message Sent -> ID: 200 Data: 47,92
[EVENT MANAGER] Published Event -> PREDICTIVE_BATTERY_RISK
CAN Message Sent -> ID: 200 Data: 47,83
Received CAN Message -> ID: 200 Data: 47,83
[AI AGENT] Analyzing Battery Temperature...
[AI ANALYTICS] Average Battery Temperature: 44.6
[THERMAL ALERT] High Battery Temperature Detected!
[EVENT MANAGER] Published Event -> THERMAL_CRITICAL
[AI DECISION] Recommend OTA Safety Rollback
[OTA ALERT] Unsafe Conditions Detected!
[OTA ACTION] Rolling Back Firmware...
[OTA STATUS] Stable Firmware Restored
[PREDICTIVE ALERT] Vehicle Battery Risk Increasing!
[EVENT MANAGER] Published Event -> PREDICTIVE_BATTERY_RISK
CAN Message Sent -> ID: 300 Data: 2693,76
Received CAN Message -> ID: 300 Data: 2693,76
[MOTOR AGENT] Analyzing Motor Telemetry...
[MOTOR ALERT] High Motor Temperature!
[ORCHESTRATOR] Evaluating Full Vehicle Health...
[ORCHESTRATOR STATUS] Vehicle Stable
